0 info it worked if it ends with ok
1 verbose cli [ '/usr/bin/node', '/usr/bin/npm', 'publish', '--force' ]
2 info using npm@3.5.2
3 info using node@v8.10.0
4 warn using --force I sure hope you know what you are doing.
5 verbose publish [ '.' ]
6 silly cache add args [ '.', null ]
7 verbose cache add spec .
8 silly cache add parsed spec Result {
8 silly cache add   raw: '.',
8 silly cache add   scope: null,
8 silly cache add   name: null,
8 silly cache add   rawSpec: '.',
8 silly cache add   spec: '/home/jeremias/Escritorio/easydom',
8 silly cache add   type: 'directory' }
9 verbose addLocalDirectory /home/jeremias/.npm/easydom/1.0.0/package.tgz not in flight; packing
10 info lifecycle easydom@1.0.0~prepublish: easydom@1.0.0
11 silly lifecycle easydom@1.0.0~prepublish: no script for prepublish, continuing
12 verbose tar pack [ '/home/jeremias/.npm/easydom/1.0.0/package.tgz',
12 verbose tar pack   '/home/jeremias/Escritorio/easydom' ]
13 verbose tarball /home/jeremias/.npm/easydom/1.0.0/package.tgz
14 verbose folder /home/jeremias/Escritorio/easydom
15 verbose addLocalTarball adding from inside cache /home/jeremias/.npm/easydom/1.0.0/package.tgz
16 silly cache afterAdd easydom@1.0.0
17 verbose afterAdd /home/jeremias/.npm/easydom/1.0.0/package/package.json not in flight; writing
18 verbose afterAdd /home/jeremias/.npm/easydom/1.0.0/package/package.json written
19 silly publish { name: 'easydom',
19 silly publish   version: '1.0.0',
19 silly publish   description: 'manipulation DOM',
19 silly publish   main: 'index.js',
19 silly publish   scripts: { test: 'echo "Error: no test specified" && exit 1' },
19 silly publish   keywords: [],
19 silly publish   author: { name: 'jeremias ramirez' },
19 silly publish   license: 'ISC',
19 silly publish   repository:
19 silly publish    { type: 'git',
19 silly publish      url: 'git+https://github.com/jeremiasramirez/easydom.git' },
19 silly publish   bugs: { url: 'https://github.com/jeremiasramirez/easydom/issues' },
19 silly publish   homepage: 'https://github.com/jeremiasramirez/easydom#readme',
19 silly publish   readme: '# easydom\nmanipulation DOM\n\n\n<h1>Notification</h1>\n<li><strong>windowError(titleError, titleDescritption)</strong>, función para mostrar mensajes emergentes de errores, recibe 1 titulo del error y la descripción del mismo.</li>\n\n\n<li><strong>windowAsk(message, facebook.com)</strong>, muestra una ventana emergente que advierte de ir al sitio web indicado.</li>\n\n\n<li><strong>floatNotificationError(message)</strong>, muestra una ventana emergente con un mensaje de error.</li>\n\n<li><strong>floatNotificationInfo(message)</strong>, muestra una ventana emergente visualizando cierta información.</li>\n\n<h1>Elementos html</h1>\n\n\n<li><strong>withId</strong>, obtiene el elemento html por su id</li>\n\n\n<li><strong>addFirst(elementId, containerId)</strong>, agrega un elemento en la primera posición de un elemento , recibe el id del elemento a agregar y el id elemento donde se va a colocar.</li>\n\n\n\n<li><strong>addEnd(elementId, containerId)</strong>, agrega un elemento en la última posición de un elemento , recibe el id del elemento a agregar y el id elemento donde se va a colocar.</li>\n',
19 silly publish   readmeFilename: 'README.md',
19 silly publish   gitHead: '0ac7b059fc18d31dee0e1cb51c37c481b3ae8a21',
19 silly publish   _id: 'easydom@1.0.0',
19 silly publish   _shasum: '574ce88e166ebfe1e671aca67dc672b65efc9c67',
19 silly publish   _from: '.' }
20 verbose getPublishConfig undefined
21 silly mapToRegistry name easydom
22 silly mapToRegistry using default registry
23 silly mapToRegistry registry https://registry.npmjs.org/
24 silly mapToRegistry uri https://registry.npmjs.org/easydom
25 verbose publish registryBase https://registry.npmjs.org/
26 silly publish uploading /home/jeremias/.npm/easydom/1.0.0/package.tgz
27 verbose request uri https://registry.npmjs.org/easydom
28 verbose request sending authorization for write operation
29 info attempt registry request try #1 at 11:06:10 a. m.
30 verbose request using bearer token for auth
31 verbose request id 1d5f00938b77c0b0
32 http request PUT https://registry.npmjs.org/easydom
33 info retry will retry, error on last attempt: Error: connect ETIMEDOUT 104.16.19.35:443
34 info attempt registry request try #2 at 11:06:52 a. m.
35 verbose request using bearer token for auth
36 http request PUT https://registry.npmjs.org/easydom
37 http 403 https://registry.npmjs.org/easydom
38 verbose headers { date: 'Sat, 23 Nov 2019 15:06:53 GMT',
38 verbose headers   'content-type': 'application/json',
38 verbose headers   'transfer-encoding': 'chunked',
38 verbose headers   connection: 'keep-alive',
38 verbose headers   'set-cookie':
38 verbose headers    [ '__cfduid=df313f36a2169b4d53975e3e67440afdc1574521612; expires=Mon, 23-Dec-19 15:06:52 GMT; path=/; domain=.npmjs.org; HttpOnly' ],
38 verbose headers   'cf-ray': '53a40cae5ee53850-ATL',
38 verbose headers   'cf-cache-status': 'DYNAMIC',
38 verbose headers   'expect-ct': 'max-age=604800, report-uri="https://report-uri.cloudflare.com/cdn-cgi/beacon/expect-ct"',
38 verbose headers   vary: 'Accept-Encoding',
38 verbose headers   server: 'cloudflare',
38 verbose headers   'content-encoding': 'gzip' }
39 verbose request invalidating /home/jeremias/.npm/registry.npmjs.org/easydom on PUT
40 error publish Failed PUT 403
41 verbose stack Error: You do not have permission to publish "easydom". Are you logged in as the correct user? : easydom
41 verbose stack     at makeError (/usr/share/npm/node_modules/npm-registry-client/lib/request.js:264:12)
41 verbose stack     at CachingRegistryClient.<anonymous> (/usr/share/npm/node_modules/npm-registry-client/lib/request.js:252:14)
41 verbose stack     at /usr/share/npm/node_modules/npm-registry-client/lib/request.js:178:7
41 verbose stack     at Gunzip.onEnd (zlib.js:131:5)
41 verbose stack     at emitNone (events.js:111:20)
41 verbose stack     at Gunzip.emit (events.js:208:7)
41 verbose stack     at endReadableNT (_stream_readable.js:1064:12)
41 verbose stack     at _combinedTickCallback (internal/process/next_tick.js:138:11)
41 verbose stack     at process._tickCallback (internal/process/next_tick.js:180:9)
42 verbose statusCode 403
43 verbose pkgid easydom
44 verbose cwd /home/jeremias/Escritorio/easydom
45 error Linux 5.0.0-36-generic
46 error argv "/usr/bin/node" "/usr/bin/npm" "publish" "--force"
47 error node v8.10.0
48 error npm  v3.5.2
49 error code E403
50 error You do not have permission to publish "easydom". Are you logged in as the correct user? : easydom
51 error If you need help, you may report this error at:
51 error     <https://github.com/npm/npm/issues>
52 verbose exit [ 1, true ]
